[0.062s] Invoking command in '/home/fahin2/ros2_ws/src/my_bot/build/my_bot': CMAKE_PREFIX_PATH=${CMAKE_PREFIX_PATH}:/opt/ros/foxy /usr/bin/cmake /home/fahin2/ros2_ws/src/my_bot -DAMENT_CMAKE_SYMLINK_INSTALL=1 -DCMAKE_INSTALL_PREFIX=/home/fahin2/ros2_ws/src/my_bot/install/my_bot
[0.609s] -- The C compiler identification is GNU 9.4.0
[1.170s] -- The CXX compiler identification is GNU 9.4.0
[1.216s] -- Check for working C compiler: /usr/bin/cc
[1.334s] -- Check for working C compiler: /usr/bin/cc -- works
[1.343s] -- Detecting C compiler ABI info
[1.469s] -- Detecting C compiler ABI info - done
[1.485s] -- Detecting C compile features
[1.499s] -- Detecting C compile features - done
[1.504s] -- Check for working CXX compiler: /usr/bin/c++
[1.629s] -- Check for working CXX compiler: /usr/bin/c++ -- works
[1.632s] -- Detecting CXX compiler ABI info
[1.774s] -- Detecting CXX compiler ABI info - done
[1.790s] -- Detecting CXX compile features
[1.791s] -- Detecting CXX compile features - done
[1.896s] -- Found ament_cmake: 0.9.12 (/opt/ros/foxy/share/ament_cmake/cmake)
[1.983s] -- Found PythonInterp: /usr/bin/python3 (found suitable version "3.8.10", minimum required is "3") 
[1.983s] -- Using PYTHON_EXECUTABLE: /usr/bin/python3
[2.311s] -- Override CMake install command with custom implementation using symlinks instead of copying resources
[2.406s] -- Found ament_lint_auto: 0.9.8 (/opt/ros/foxy/share/ament_lint_auto/cmake)
[2.571s] -- Added test 'copyright' to check source files copyright and LICENSE
[2.590s] -- Added test 'cppcheck' to perform static code analysis on C / C++ code
[2.591s] -- Configured cppcheck include dirs: 
[2.591s] -- Configured cppcheck exclude dirs and/or files: 
[2.606s] -- Added test 'cpplint' to check C / C++ code against the Google style
[2.606s] -- Configured cpplint exclude dirs and/or files: 
[2.609s] -- Added test 'flake8' to check Python code syntax and style conventions
[2.616s] -- Added test 'lint_cmake' to check CMake code style
[2.619s] -- Added test 'pep257' to check Python code against some of the style conventions in PEP 257
[2.635s] -- Added test 'uncrustify' to check C / C++ code style
[2.635s] -- Configured uncrustify additional arguments: 
[2.639s] -- Added test 'xmllint' to check XML markup files
[2.645s] -- Configuring done
[2.650s] -- Generating done
[2.651s] -- Build files have been written to: /home/fahin2/ros2_ws/src/my_bot/build/my_bot
[2.656s] Invoked command in '/home/fahin2/ros2_ws/src/my_bot/build/my_bot' returned '0': CMAKE_PREFIX_PATH=${CMAKE_PREFIX_PATH}:/opt/ros/foxy /usr/bin/cmake /home/fahin2/ros2_ws/src/my_bot -DAMENT_CMAKE_SYMLINK_INSTALL=1 -DCMAKE_INSTALL_PREFIX=/home/fahin2/ros2_ws/src/my_bot/install/my_bot
[2.661s] Invoking command in '/home/fahin2/ros2_ws/src/my_bot/build/my_bot': CMAKE_PREFIX_PATH=${CMAKE_PREFIX_PATH}:/opt/ros/foxy /usr/bin/cmake --build /home/fahin2/ros2_ws/src/my_bot/build/my_bot -- -j2 -l2
[2.726s] Invoked command in '/home/fahin2/ros2_ws/src/my_bot/build/my_bot' returned '0': CMAKE_PREFIX_PATH=${CMAKE_PREFIX_PATH}:/opt/ros/foxy /usr/bin/cmake --build /home/fahin2/ros2_ws/src/my_bot/build/my_bot -- -j2 -l2
[2.778s] Invoking command in '/home/fahin2/ros2_ws/src/my_bot/build/my_bot': CMAKE_PREFIX_PATH=${CMAKE_PREFIX_PATH}:/opt/ros/foxy /usr/bin/cmake --install /home/fahin2/ros2_ws/src/my_bot/build/my_bot
[2.800s] -- Install configuration: ""
[2.801s] -- Execute custom install script
[2.802s] -- Symlinking: /home/fahin2/ros2_ws/src/my_bot/install/my_bot/share/my_bot/config/empty.yaml
[2.816s] -- Symlinking: /home/fahin2/ros2_ws/src/my_bot/install/my_bot/share/my_bot/description/robot.urdf.xacro
[2.829s] -- Symlinking: /home/fahin2/ros2_ws/src/my_bot/install/my_bot/share/my_bot/description/robot_core.xacro
[2.843s] -- Symlinking: /home/fahin2/ros2_ws/src/my_bot/install/my_bot/share/my_bot/launch/rsp.launch.py
[2.857s] -- Symlinking: /home/fahin2/ros2_ws/src/my_bot/install/my_bot/share/my_bot/worlds/empty.world
[2.872s] -- Symlinking: /home/fahin2/ros2_ws/src/my_bot/install/my_bot/share/ament_index/resource_index/package_run_dependencies/my_bot
[2.887s] -- Symlinking: /home/fahin2/ros2_ws/src/my_bot/install/my_bot/share/ament_index/resource_index/parent_prefix_path/my_bot
[2.901s] -- Symlinking: /home/fahin2/ros2_ws/src/my_bot/install/my_bot/share/my_bot/environment/ament_prefix_path.sh
[2.915s] -- Symlinking: /home/fahin2/ros2_ws/src/my_bot/install/my_bot/share/my_bot/environment/ament_prefix_path.dsv
[2.928s] -- Symlinking: /home/fahin2/ros2_ws/src/my_bot/install/my_bot/share/my_bot/environment/path.sh
[2.942s] -- Symlinking: /home/fahin2/ros2_ws/src/my_bot/install/my_bot/share/my_bot/environment/path.dsv
[2.957s] -- Symlinking: /home/fahin2/ros2_ws/src/my_bot/install/my_bot/share/my_bot/local_setup.bash
[2.971s] -- Symlinking: /home/fahin2/ros2_ws/src/my_bot/install/my_bot/share/my_bot/local_setup.sh
[2.985s] -- Symlinking: /home/fahin2/ros2_ws/src/my_bot/install/my_bot/share/my_bot/local_setup.zsh
[2.998s] -- Symlinking: /home/fahin2/ros2_ws/src/my_bot/install/my_bot/share/my_bot/local_setup.dsv
[3.010s] -- Symlinking: /home/fahin2/ros2_ws/src/my_bot/install/my_bot/share/my_bot/package.dsv
[3.024s] -- Symlinking: /home/fahin2/ros2_ws/src/my_bot/install/my_bot/share/ament_index/resource_index/packages/my_bot
[3.039s] -- Symlinking: /home/fahin2/ros2_ws/src/my_bot/install/my_bot/share/my_bot/cmake/my_botConfig.cmake
[3.052s] -- Symlinking: /home/fahin2/ros2_ws/src/my_bot/install/my_bot/share/my_bot/cmake/my_botConfig-version.cmake
[3.067s] -- Symlinking: /home/fahin2/ros2_ws/src/my_bot/install/my_bot/share/my_bot/package.xml
[3.085s] Invoked command in '/home/fahin2/ros2_ws/src/my_bot/build/my_bot' returned '0': CMAKE_PREFIX_PATH=${CMAKE_PREFIX_PATH}:/opt/ros/foxy /usr/bin/cmake --install /home/fahin2/ros2_ws/src/my_bot/build/my_bot
